<?xml version="1.0" encoding="UTF-8"?>
<!-- Generated by org.testng.reporters.JUnitReportReporter -->
<testsuite hostname="Amit-Jagan-Madhav" failures="0" tests="1" name="org.ictak.scripts.TestClass" time="24.187" errors="0" timestamp="2023-09-27T13:15:15 IST" skipped="0">
  <testcase classname="org.ictak.scripts.TestClass" name="VerifyAdminToPlacement" time="24.187"/>
</testsuite> <!-- org.ictak.scripts.TestClass -->
